2019-02-16 00:24:30.201016|INFO|LandingView|get|Meeting commenced by Murray for -6e27c88a-041f-4f01-bb8f-ec144edf726d
2019-02-16 00:28:16.401201|ERROR|pdfProduction|get|Api2Pdf timeout error -6e27c88a-041f-4f01-bb8f-ec144edf726d
2019-02-16 00:28:16.403530|INFO|pdfProduction|get|Meeting ended for -6e27c88a-041f-4f01-bb8f-ec144edf726d
2019-02-16 15:53:41.638985|INFO|LandingView|get|Meeting commenced by Murray for -6e27c88a-041f-4f01-bb8f-ec144edf726d
2019-02-16 15:54:04.929000|INFO|pdfProduction|get|Api2Pdf success -6e27c88a-041f-4f01-bb8f-ec144edf726d
2019-02-16 15:54:07.278097|INFO|pdfProduction|get|Summary Report Saved-6e27c88a-041f-4f01-bb8f-ec144edf726d
2019-02-16 15:54:12.151367|INFO|pdfProduction|get|Meeting ended for:6e27c88a-041f-4f01-bb8f-ec144edf726d
2019-02-16 16:07:05.338937|INFO|LandingView|get|Meeting commenced by Murray for -6e27c88a-041f-4f01-bb8f-ec144edf726d
2019-02-16 16:08:55.881036|INFO|PdfProduction|get|Api2Pdf success -6e27c88a-041f-4f01-bb8f-ec144edf726d
2019-02-16 16:08:57.916579|INFO|PdfProduction|get|Summary Report Saved-6e27c88a-041f-4f01-bb8f-ec144edf726d
2019-02-16 16:09:02.725458|INFO|PdfProduction|get|Meeting ended for:6e27c88a-041f-4f01-bb8f-ec144edf726d
2019-02-16 16:27:46.667854|INFO|LandingView|get|Meeting commenced by Murray for -6e27c88a-041f-4f01-bb8f-ec144edf726d
2019-02-16 16:41:57.173887|INFO|LandingView|get|Meeting commenced by Murray for -6e27c88a-041f-4f01-bb8f-ec144edf726d
2019-02-16 16:43:26.416901|INFO|PdfProduction|get|Api2Pdf success -6e27c88a-041f-4f01-bb8f-ec144edf726d
2019-02-16 16:43:28.873326|INFO|PdfProduction|get|Summary Report Saved-6e27c88a-041f-4f01-bb8f-ec144edf726d
2019-02-16 16:43:34.186322|INFO|PdfProduction|get|Meeting ended for:6e27c88a-041f-4f01-bb8f-ec144edf726d
2019-02-16 19:09:56.264024|INFO|LandingView|get|Meeting commenced by Murray for -6e27c88a-041f-4f01-bb8f-ec144edf726d
2019-02-19 13:38:29.067787|INFO|LandingView|get|Meeting commenced by Murray for -6e27c88a-041f-4f01-bb8f-ec144edf726d
2019-02-19 17:11:17.894512|INFO|LandingView|get|Meeting commenced by Murray for -6e27c88a-041f-4f01-bb8f-ec144edf726d
2019-02-19 17:28:47.042384|INFO|LandingView|get|Meeting commenced by Murray for -6e27c88a-041f-4f01-bb8f-ec144edf726d
2019-02-20 14:00:38.798842|INFO|LandingView|get|Meeting commenced by Murray for -6e27c88a-041f-4f01-bb8f-ec144edf726d
2019-02-25 19:12:44.862126|INFO|LandingView|get|Meeting commenced by Murray for -6e27c88a-041f-4f01-bb8f-ec144edf726d
2019-02-26 02:41:01.674836|INFO|LandingView|get|Meeting commenced by Murray for -6e27c88a-041f-4f01-bb8f-ec144edf726d
2019-02-26 02:42:00.833420|INFO|PdfProduction|get|Api2Pdf success: 6e27c88a-041f-4f01-bb8f-ec144edf726d
2019-02-26 02:42:03.446924|INFO|PdfProduction|get|Summary Report Saved: 6e27c88a-041f-4f01-bb8f-ec144edf726d
2019-02-26 02:42:08.565068|INFO|PdfProduction|get|Meeting ended for:6e27c88a-041f-4f01-bb8f-ec144edf726d
2019-02-28 01:25:56.489817|INFO|LandingView|get|Meeting commenced by Murray for -612503e9-0913-43ea-b33f-d9f91804f5da
2019-02-28 09:08:47.169366|INFO|LandingView|get|Meeting commenced by Murray for -612503e9-0913-43ea-b33f-d9f91804f5da
2019-02-28 11:26:10.319465|INFO|LandingView|get|Meeting commenced by hhcadminuser for -612503e9-0913-43ea-b33f-d9f91804f5da
2019-02-28 13:50:57.244712|INFO|LandingView|get|Meeting commenced by hhcadminuser for -612503e9-0913-43ea-b33f-d9f91804f5da
2019-02-28 23:43:09.966987|INFO|LandingView|get|Meeting commenced by hhcadminuser for -612503e9-0913-43ea-b33f-d9f91804f5da
2019-03-02 13:32:45.438410|INFO|LandingView|get|Meeting commenced by Murray for -612503e9-0913-43ea-b33f-d9f91804f5da
2019-03-02 15:50:32.935380|INFO|LandingView|get|Meeting commenced by Murray for -612503e9-0913-43ea-b33f-d9f91804f5da
2019-03-02 15:52:38.499663|INFO|pdfGenerator|createPdf|Api2Pdf success: 612503e9-0913-43ea-b33f-d9f91804f5da
2019-03-02 15:52:39.830166|INFO|pdfGenerator|createPdf|Summary Report Saved: 612503e9-0913-43ea-b33f-d9f91804f5da
2019-03-02 15:52:49.607171|INFO|pdfGenerator|createPdf|Api2Pdf success: 612503e9-0913-43ea-b33f-d9f91804f5da
2019-03-02 15:52:50.608489|INFO|pdfGenerator|createPdf|Summary Report Saved: 612503e9-0913-43ea-b33f-d9f91804f5da
2019-03-02 15:55:52.053615|INFO|pdfGenerator|createPdf|Api2Pdf success: 612503e9-0913-43ea-b33f-d9f91804f5da
2019-03-02 15:55:52.810045|INFO|pdfGenerator|createPdf|Summary Report Saved: 612503e9-0913-43ea-b33f-d9f91804f5da
2019-03-02 15:56:26.900775|INFO|PdfProduction|get|Meeting ended for:612503e9-0913-43ea-b33f-d9f91804f5da
2019-03-02 16:08:44.966760|INFO|LandingView|get|Meeting commenced by Murray for -612503e9-0913-43ea-b33f-d9f91804f5da
2019-03-02 16:09:21.042464|INFO|pdfGenerator|createPdf|Api2Pdf success: 612503e9-0913-43ea-b33f-d9f91804f5da
2019-03-02 16:10:22.662976|INFO|pdfGenerator|createPdf|Api2Pdf success: 612503e9-0913-43ea-b33f-d9f91804f5da
2019-03-02 16:10:25.390387|INFO|pdfGenerator|createPdf|Summary Report Saved: 612503e9-0913-43ea-b33f-d9f91804f5da
2019-03-02 16:10:28.667102|INFO|PdfProduction|get|Meeting ended for:612503e9-0913-43ea-b33f-d9f91804f5da
2019-03-02 17:06:30.651140|INFO|LandingView|get|Meeting commenced by Murray for -612503e9-0913-43ea-b33f-d9f91804f5da
2019-03-02 18:37:43.523837|INFO|LandingView|get|Meeting commenced by Murray for -612503e9-0913-43ea-b33f-d9f91804f5da
2019-03-02 18:39:37.958007|ERROR|pdfGenerator|createPdf|Presumed timeout error: 612503e9-0913-43ea-b33f-d9f91804f5da
2019-03-02 18:39:38.001683|ERROR|pdfGenerator|emailPdf|Failed to email Summary Report:612503e9-0913-43ea-b33f-d9f91804f5da
2019-03-02 18:48:39.661878|ERROR|pdfGenerator|createPdf|Presumed timeout error: 612503e9-0913-43ea-b33f-d9f91804f5da
2019-03-02 18:48:39.696558|ERROR|pdfGenerator|emailPdf|Failed to email Summary Report:612503e9-0913-43ea-b33f-d9f91804f5da
2019-03-02 18:48:39.697868|INFO|PdfProduction|get|Meeting ended for:612503e9-0913-43ea-b33f-d9f91804f5da
2019-03-02 18:57:43.203742|INFO|LandingView|get|Meeting commenced by Murray for -612503e9-0913-43ea-b33f-d9f91804f5da
2019-03-02 19:13:25.741187|INFO|LandingView|get|Meeting commenced by Murray for -612503e9-0913-43ea-b33f-d9f91804f5da
2019-03-02 19:13:39.511323|INFO|LandingView|get|Meeting commenced by Murray for -6e27c88a-041f-4f01-bb8f-ec144edf726d
2019-03-02 20:25:37.826668|INFO|pdfGenerator|createPdf|Api2Pdf success: 6e27c88a-041f-4f01-bb8f-ec144edf726d
2019-03-02 20:25:40.791316|INFO|pdfGenerator|createPdf|Summary Report Saved: 6e27c88a-041f-4f01-bb8f-ec144edf726d
2019-03-02 20:25:45.006603|INFO|pdfGenerator|createPdf|Api2Pdf success: 6e27c88a-041f-4f01-bb8f-ec144edf726d
2019-03-02 20:25:47.032383|INFO|pdfGenerator|createPdf|Summary Report Saved: 6e27c88a-041f-4f01-bb8f-ec144edf726d
2019-03-02 20:25:51.037711|INFO|pdfGenerator|createPdf|Api2Pdf success: 6e27c88a-041f-4f01-bb8f-ec144edf726d
2019-03-02 20:25:53.114927|INFO|pdfGenerator|createPdf|Summary Report Saved: 6e27c88a-041f-4f01-bb8f-ec144edf726d
2019-03-02 20:25:57.173017|INFO|pdfGenerator|createPdf|Api2Pdf success: 6e27c88a-041f-4f01-bb8f-ec144edf726d
2019-03-02 20:25:59.068825|INFO|pdfGenerator|createPdf|Summary Report Saved: 6e27c88a-041f-4f01-bb8f-ec144edf726d
2019-03-02 20:29:30.986570|INFO|pdfGenerator|createPdf|Api2Pdf success: 6e27c88a-041f-4f01-bb8f-ec144edf726d
2019-03-02 20:29:33.315171|INFO|pdfGenerator|createPdf|Summary Report Saved: 6e27c88a-041f-4f01-bb8f-ec144edf726d
2019-03-02 20:29:36.520398|INFO|pdfGenerator|createPdf|Api2Pdf success: 6e27c88a-041f-4f01-bb8f-ec144edf726d
2019-03-02 20:29:38.714804|INFO|pdfGenerator|createPdf|Summary Report Saved: 6e27c88a-041f-4f01-bb8f-ec144edf726d
2019-03-02 20:29:41.841437|INFO|pdfGenerator|createPdf|Api2Pdf success: 6e27c88a-041f-4f01-bb8f-ec144edf726d
2019-03-02 20:29:44.235917|INFO|pdfGenerator|createPdf|Summary Report Saved: 6e27c88a-041f-4f01-bb8f-ec144edf726d
2019-03-02 20:29:47.219032|INFO|pdfGenerator|createPdf|Api2Pdf success: 6e27c88a-041f-4f01-bb8f-ec144edf726d
2019-03-02 20:29:49.472321|INFO|pdfGenerator|createPdf|Summary Report Saved: 6e27c88a-041f-4f01-bb8f-ec144edf726d
2019-03-02 20:32:18.451823|INFO|LandingView|get|Meeting commenced by Murray for -6e27c88a-041f-4f01-bb8f-ec144edf726d
2019-03-02 20:50:12.705008|INFO|LandingView|get|Meeting commenced by Murray for -6e27c88a-041f-4f01-bb8f-ec144edf726d
2019-03-02 20:50:24.194799|INFO|pdfGenerator|createPdf|Api2Pdf success: 6e27c88a-041f-4f01-bb8f-ec144edf726d
2019-03-02 20:50:28.874815|INFO|pdfGenerator|createPdf|Summary Report Saved: 6e27c88a-041f-4f01-bb8f-ec144edf726d
2019-03-02 20:50:31.945965|INFO|pdfGenerator|createPdf|Api2Pdf success: 6e27c88a-041f-4f01-bb8f-ec144edf726d
2019-03-02 20:50:34.083330|INFO|pdfGenerator|createPdf|Summary Report Saved: 6e27c88a-041f-4f01-bb8f-ec144edf726d
2019-03-02 20:50:37.062669|INFO|pdfGenerator|createPdf|Api2Pdf success: 6e27c88a-041f-4f01-bb8f-ec144edf726d
2019-03-02 20:50:39.320057|INFO|pdfGenerator|createPdf|Summary Report Saved: 6e27c88a-041f-4f01-bb8f-ec144edf726d
2019-03-02 20:50:42.183032|INFO|pdfGenerator|createPdf|Api2Pdf success: 6e27c88a-041f-4f01-bb8f-ec144edf726d
2019-03-02 20:50:44.483150|INFO|pdfGenerator|createPdf|Summary Report Saved: 6e27c88a-041f-4f01-bb8f-ec144edf726d
2019-03-02 21:09:00.880856|INFO|LandingView|get|Meeting commenced by Murray for -6e27c88a-041f-4f01-bb8f-ec144edf726d
2019-03-02 21:09:16.783331|INFO|pdfGenerator|createPdf|Api2Pdf success: 6e27c88a-041f-4f01-bb8f-ec144edf726d
2019-03-02 21:09:19.565169|INFO|pdfGenerator|createPdf|Summary Report Saved: 6e27c88a-041f-4f01-bb8f-ec144edf726d
2019-03-02 21:10:29.956390|INFO|PdfProduction|get|Meeting ended for:6e27c88a-041f-4f01-bb8f-ec144edf726d
2019-03-02 21:11:08.093414|INFO|LandingView|get|Meeting commenced by Murray for -6e27c88a-041f-4f01-bb8f-ec144edf726d
2019-03-02 22:53:01.230723|INFO|pdfGenerator|createPdf|Api2Pdf success: 6e27c88a-041f-4f01-bb8f-ec144edf726d
2019-03-02 22:53:04.208755|INFO|pdfGenerator|createPdf|Summary Report Saved: 6e27c88a-041f-4f01-bb8f-ec144edf726d
2019-03-02 22:53:08.522180|INFO|pdfGenerator|createPdf|Api2Pdf success: 6e27c88a-041f-4f01-bb8f-ec144edf726d
2019-03-02 22:53:10.553996|INFO|pdfGenerator|createPdf|Summary Report Saved: 6e27c88a-041f-4f01-bb8f-ec144edf726d
2019-03-02 22:53:14.034650|INFO|pdfGenerator|createPdf|Api2Pdf success: 6e27c88a-041f-4f01-bb8f-ec144edf726d
2019-03-02 22:53:16.361473|INFO|pdfGenerator|createPdf|Summary Report Saved: 6e27c88a-041f-4f01-bb8f-ec144edf726d
2019-03-02 22:53:19.681780|INFO|pdfGenerator|createPdf|Api2Pdf success: 6e27c88a-041f-4f01-bb8f-ec144edf726d
2019-03-02 22:53:22.105570|INFO|pdfGenerator|createPdf|Summary Report Saved: 6e27c88a-041f-4f01-bb8f-ec144edf726d
2019-03-02 22:54:16.083530|INFO|pdfGenerator|createPdf|Api2Pdf success: 6e27c88a-041f-4f01-bb8f-ec144edf726d
2019-03-02 22:54:18.820161|INFO|pdfGenerator|createPdf|Summary Report Saved: 6e27c88a-041f-4f01-bb8f-ec144edf726d
2019-03-02 22:54:22.127225|INFO|pdfGenerator|createPdf|Api2Pdf success: 6e27c88a-041f-4f01-bb8f-ec144edf726d
2019-03-02 22:54:24.273660|INFO|pdfGenerator|createPdf|Summary Report Saved: 6e27c88a-041f-4f01-bb8f-ec144edf726d
2019-03-02 22:54:27.145560|INFO|pdfGenerator|createPdf|Api2Pdf success: 6e27c88a-041f-4f01-bb8f-ec144edf726d
2019-03-02 22:54:29.219578|INFO|pdfGenerator|createPdf|Summary Report Saved: 6e27c88a-041f-4f01-bb8f-ec144edf726d
2019-03-02 22:54:32.281351|INFO|pdfGenerator|createPdf|Api2Pdf success: 6e27c88a-041f-4f01-bb8f-ec144edf726d
2019-03-02 22:54:34.378016|INFO|pdfGenerator|createPdf|Summary Report Saved: 6e27c88a-041f-4f01-bb8f-ec144edf726d
2019-03-02 23:06:10.050188|INFO|pdfGenerator|createPdf|Api2Pdf success: 6e27c88a-041f-4f01-bb8f-ec144edf726d
2019-03-02 23:06:14.518159|INFO|pdfGenerator|createPdf|Summary Report Saved: 6e27c88a-041f-4f01-bb8f-ec144edf726d
2019-03-02 23:06:17.382946|INFO|pdfGenerator|createPdf|Api2Pdf success: 6e27c88a-041f-4f01-bb8f-ec144edf726d
2019-03-02 23:06:19.455787|INFO|pdfGenerator|createPdf|Summary Report Saved: 6e27c88a-041f-4f01-bb8f-ec144edf726d
2019-03-02 23:06:22.454735|INFO|pdfGenerator|createPdf|Api2Pdf success: 6e27c88a-041f-4f01-bb8f-ec144edf726d
2019-03-02 23:06:24.563332|INFO|pdfGenerator|createPdf|Summary Report Saved: 6e27c88a-041f-4f01-bb8f-ec144edf726d
2019-03-02 23:06:27.653518|INFO|pdfGenerator|createPdf|Api2Pdf success: 6e27c88a-041f-4f01-bb8f-ec144edf726d
2019-03-02 23:06:30.020642|INFO|pdfGenerator|createPdf|Summary Report Saved: 6e27c88a-041f-4f01-bb8f-ec144edf726d
2019-03-02 23:12:30.388231|INFO|pdfGenerator|createPdf|Api2Pdf success: 6e27c88a-041f-4f01-bb8f-ec144edf726d
2019-03-02 23:12:32.871097|INFO|pdfGenerator|createPdf|Summary Report Saved: 6e27c88a-041f-4f01-bb8f-ec144edf726d
2019-03-02 23:12:36.066803|INFO|pdfGenerator|createPdf|Api2Pdf success: 6e27c88a-041f-4f01-bb8f-ec144edf726d
2019-03-02 23:12:38.275711|INFO|pdfGenerator|createPdf|Summary Report Saved: 6e27c88a-041f-4f01-bb8f-ec144edf726d
2019-03-02 23:12:41.427002|INFO|pdfGenerator|createPdf|Api2Pdf success: 6e27c88a-041f-4f01-bb8f-ec144edf726d
2019-03-02 23:12:43.671397|INFO|pdfGenerator|createPdf|Summary Report Saved: 6e27c88a-041f-4f01-bb8f-ec144edf726d
2019-03-02 23:12:46.749965|INFO|pdfGenerator|createPdf|Api2Pdf success: 6e27c88a-041f-4f01-bb8f-ec144edf726d
2019-03-02 23:12:48.850872|INFO|pdfGenerator|createPdf|Summary Report Saved: 6e27c88a-041f-4f01-bb8f-ec144edf726d
2019-03-04 22:33:18.722011|INFO|pdfGenerator|createPdf|Api2Pdf success: 6e27c88a-041f-4f01-bb8f-ec144edf726d
2019-03-04 22:33:21.228239|INFO|pdfGenerator|createPdf|Summary Report Saved: 6e27c88a-041f-4f01-bb8f-ec144edf726d
2019-03-04 22:33:26.234340|INFO|pdfGenerator|createPdf|Api2Pdf success: 6e27c88a-041f-4f01-bb8f-ec144edf726d
2019-03-04 22:33:28.049369|INFO|pdfGenerator|createPdf|Summary Report Saved: 6e27c88a-041f-4f01-bb8f-ec144edf726d
2019-03-04 22:33:32.131961|INFO|pdfGenerator|createPdf|Api2Pdf success: 6e27c88a-041f-4f01-bb8f-ec144edf726d
2019-03-04 22:33:34.067150|INFO|pdfGenerator|createPdf|Summary Report Saved: 6e27c88a-041f-4f01-bb8f-ec144edf726d
2019-03-04 22:33:38.169454|INFO|pdfGenerator|createPdf|Api2Pdf success: 6e27c88a-041f-4f01-bb8f-ec144edf726d
2019-03-04 22:33:39.972260|INFO|pdfGenerator|createPdf|Summary Report Saved: 6e27c88a-041f-4f01-bb8f-ec144edf726d
2019-03-05 18:20:42.590352|INFO|pdfGenerator|createPdf|Api2Pdf success: 6e27c88a-041f-4f01-bb8f-ec144edf726d
2019-03-05 18:20:43.782382|INFO|pdfGenerator|createPdf|Summary Report Saved: 6e27c88a-041f-4f01-bb8f-ec144edf726d
2019-03-05 18:20:46.887681|INFO|pdfGenerator|createPdf|Api2Pdf success: 6e27c88a-041f-4f01-bb8f-ec144edf726d
2019-03-05 18:20:47.832558|INFO|pdfGenerator|createPdf|Summary Report Saved: 6e27c88a-041f-4f01-bb8f-ec144edf726d
2019-03-05 18:20:50.688747|INFO|pdfGenerator|createPdf|Api2Pdf success: 6e27c88a-041f-4f01-bb8f-ec144edf726d
2019-03-05 18:20:51.536068|INFO|pdfGenerator|createPdf|Summary Report Saved: 6e27c88a-041f-4f01-bb8f-ec144edf726d
2019-03-05 18:20:54.997252|INFO|pdfGenerator|createPdf|Api2Pdf success: 6e27c88a-041f-4f01-bb8f-ec144edf726d
2019-03-05 18:20:55.848379|INFO|pdfGenerator|createPdf|Summary Report Saved: 6e27c88a-041f-4f01-bb8f-ec144edf726d
2019-03-05 18:21:05.044627|INFO|LandingView|get|Meeting commenced by hhcadminuser for -6e27c88a-041f-4f01-bb8f-ec144edf726d
2019-03-05 18:28:58.894450|INFO|LandingView|get|Meeting commenced by hhcadminuser for -6e27c88a-041f-4f01-bb8f-ec144edf726d
2019-03-07 01:10:40.182817|INFO|pdfGenerator|createPdf|Api2Pdf success: ee7ab9d3-72c4-4172-9120-c10cb616372f
2019-03-07 01:10:42.401579|INFO|pdfGenerator|createPdf|Summary Report Saved: ee7ab9d3-72c4-4172-9120-c10cb616372f
2019-03-07 01:10:42.406667|ERROR|PdfProduction|get|Failed to save Summary Report in Database: ee7ab9d3-72c4-4172-9120-c10cb616372f
2019-03-07 01:15:45.791888|INFO|pdfGenerator|createPdf|Api2Pdf success: ee7ab9d3-72c4-4172-9120-c10cb616372f
2019-03-07 01:15:47.493880|INFO|pdfGenerator|createPdf|Summary Report Saved: ee7ab9d3-72c4-4172-9120-c10cb616372f
2019-03-07 01:15:47.498209|ERROR|PdfProduction|get|Failed to save Summary Report in Database: ee7ab9d3-72c4-4172-9120-c10cb616372f
2019-03-07 01:27:47.854194|INFO|pdfGenerator|createPdf|Api2Pdf success: ee7ab9d3-72c4-4172-9120-c10cb616372f
2019-03-07 01:27:51.120311|INFO|pdfGenerator|createPdf|Summary Report Saved: ee7ab9d3-72c4-4172-9120-c10cb616372f
2019-03-07 01:27:51.124252|ERROR|PdfProduction|get|Failed to save Summary Report in Database: ee7ab9d3-72c4-4172-9120-c10cb616372f
2019-03-07 01:31:05.644943|INFO|pdfGenerator|createPdf|Api2Pdf success: ee7ab9d3-72c4-4172-9120-c10cb616372f
2019-03-07 01:31:08.163946|INFO|pdfGenerator|createPdf|Summary Report Saved: ee7ab9d3-72c4-4172-9120-c10cb616372f
2019-03-07 01:31:08.170052|ERROR|PdfProduction|get|Failed to save Summary Report in Database: ee7ab9d3-72c4-4172-9120-c10cb616372f
2019-03-07 01:34:08.073429|INFO|pdfGenerator|createPdf|Api2Pdf success: ee7ab9d3-72c4-4172-9120-c10cb616372f
2019-03-07 01:34:10.918405|INFO|pdfGenerator|createPdf|Summary Report Saved: ee7ab9d3-72c4-4172-9120-c10cb616372f
2019-03-07 01:34:10.928835|ERROR|PdfProduction|get|Failed to save Summary Report in Database: ee7ab9d3-72c4-4172-9120-c10cb616372f
2019-03-07 01:34:39.857627|INFO|pdfGenerator|createPdf|Api2Pdf success: ee7ab9d3-72c4-4172-9120-c10cb616372f
2019-03-07 01:34:42.483952|INFO|pdfGenerator|createPdf|Summary Report Saved: ee7ab9d3-72c4-4172-9120-c10cb616372f
2019-03-07 01:34:42.490030|ERROR|PdfProduction|get|Failed to save Summary Report in Database: ee7ab9d3-72c4-4172-9120-c10cb616372f
2019-03-07 01:38:13.926752|INFO|pdfGenerator|createPdf|Api2Pdf success: ee7ab9d3-72c4-4172-9120-c10cb616372f
2019-03-07 01:38:13.983061|INFO|pdfGenerator|createPdf|Api2Pdf success: ee7ab9d3-72c4-4172-9120-c10cb616372f
2019-03-07 01:38:16.230718|INFO|pdfGenerator|createPdf|Summary Report Saved: ee7ab9d3-72c4-4172-9120-c10cb616372f
2019-03-07 01:38:16.234178|ERROR|PdfProduction|get|Failed to save Summary Report in Database: ee7ab9d3-72c4-4172-9120-c10cb616372f
2019-03-07 01:38:16.487276|INFO|pdfGenerator|createPdf|Summary Report Saved: ee7ab9d3-72c4-4172-9120-c10cb616372f
2019-03-07 01:38:16.571816|ERROR|PdfProduction|get|Failed to save Summary Report in Database: ee7ab9d3-72c4-4172-9120-c10cb616372f
2019-03-07 01:40:12.680351|INFO|pdfGenerator|createPdf|Api2Pdf success: ee7ab9d3-72c4-4172-9120-c10cb616372f
2019-03-07 01:40:15.150692|INFO|pdfGenerator|createPdf|Summary Report Saved: ee7ab9d3-72c4-4172-9120-c10cb616372f
2019-03-07 01:40:15.155398|ERROR|PdfProduction|get|Failed to save Summary Report in Database: ee7ab9d3-72c4-4172-9120-c10cb616372f
2019-03-07 01:41:30.290118|INFO|pdfGenerator|createPdf|Api2Pdf success: ee7ab9d3-72c4-4172-9120-c10cb616372f
2019-03-07 01:41:32.919267|INFO|pdfGenerator|createPdf|Summary Report Saved: ee7ab9d3-72c4-4172-9120-c10cb616372f
2019-03-07 01:41:32.926909|ERROR|PdfProduction|get|Failed to save Summary Report in Database: ee7ab9d3-72c4-4172-9120-c10cb616372f
2019-03-07 02:09:58.860047|INFO|pdfGenerator|createPdf|Api2Pdf success: f128714c-b250-4a8a-b915-37e2386a4259
2019-03-07 02:10:01.237755|INFO|pdfGenerator|createPdf|Summary Report Saved: f128714c-b250-4a8a-b915-37e2386a4259
2019-03-07 02:10:55.612158|INFO|pdfGenerator|createPdf|Api2Pdf success: f128714c-b250-4a8a-b915-37e2386a4259
2019-03-07 02:10:58.142332|INFO|pdfGenerator|createPdf|Summary Report Saved: f128714c-b250-4a8a-b915-37e2386a4259
2019-03-07 11:33:46.800431|INFO|pdfGenerator|createPdf|Api2Pdf success: f128714c-b250-4a8a-b915-37e2386a4259
2019-03-07 11:33:48.329050|INFO|pdfGenerator|createPdf|Summary Report Saved: f128714c-b250-4a8a-b915-37e2386a4259
2019-03-07 11:37:03.098001|INFO|pdfGenerator|createPdf|Api2Pdf success: f128714c-b250-4a8a-b915-37e2386a4259
2019-03-07 11:37:04.019192|INFO|pdfGenerator|createPdf|Summary Report Saved: f128714c-b250-4a8a-b915-37e2386a4259
2019-03-07 11:39:50.489627|INFO|pdfGenerator|createPdf|Api2Pdf success: f128714c-b250-4a8a-b915-37e2386a4259
2019-03-07 11:39:51.396358|INFO|pdfGenerator|createPdf|Summary Report Saved: f128714c-b250-4a8a-b915-37e2386a4259
2019-03-07 11:42:34.159739|INFO|pdfGenerator|createPdf|Api2Pdf success: f128714c-b250-4a8a-b915-37e2386a4259
2019-03-07 11:42:35.548486|INFO|pdfGenerator|createPdf|Summary Report Saved: f128714c-b250-4a8a-b915-37e2386a4259
2019-03-07 11:47:33.462241|INFO|pdfGenerator|createPdf|Api2Pdf success: f128714c-b250-4a8a-b915-37e2386a4259
2019-03-07 11:47:34.342899|INFO|pdfGenerator|createPdf|Summary Report Saved: f128714c-b250-4a8a-b915-37e2386a4259
2019-03-07 12:06:05.238003|INFO|pdfGenerator|createPdf|Api2Pdf success: f128714c-b250-4a8a-b915-37e2386a4259
2019-03-07 12:06:06.983190|INFO|pdfGenerator|createPdf|Summary Report Saved: f128714c-b250-4a8a-b915-37e2386a4259
2019-03-07 12:08:02.902272|INFO|pdfGenerator|createPdf|Api2Pdf success: f128714c-b250-4a8a-b915-37e2386a4259
2019-03-07 12:08:03.768362|INFO|pdfGenerator|createPdf|Summary Report Saved: f128714c-b250-4a8a-b915-37e2386a4259
2019-03-07 12:08:20.107412|INFO|pdfGenerator|createPdf|Api2Pdf success: f128714c-b250-4a8a-b915-37e2386a4259
2019-03-07 12:08:20.989717|INFO|pdfGenerator|createPdf|Summary Report Saved: f128714c-b250-4a8a-b915-37e2386a4259
2019-03-07 12:16:11.645102|INFO|pdfGenerator|createPdf|Api2Pdf success: f128714c-b250-4a8a-b915-37e2386a4259
2019-03-07 12:16:13.381621|INFO|pdfGenerator|createPdf|Summary Report Saved: f128714c-b250-4a8a-b915-37e2386a4259
2019-03-07 12:18:02.295514|INFO|pdfGenerator|createPdf|Api2Pdf success: f128714c-b250-4a8a-b915-37e2386a4259
2019-03-07 12:18:03.174077|INFO|pdfGenerator|createPdf|Summary Report Saved: f128714c-b250-4a8a-b915-37e2386a4259
2019-03-07 12:20:06.830282|INFO|pdfGenerator|createPdf|Api2Pdf success: f128714c-b250-4a8a-b915-37e2386a4259
2019-03-07 12:20:07.702965|INFO|pdfGenerator|createPdf|Summary Report Saved: f128714c-b250-4a8a-b915-37e2386a4259
2019-03-07 15:21:24.226995|INFO|pdfGenerator|createPdf|Api2Pdf success: f128714c-b250-4a8a-b915-37e2386a4259
2019-03-07 15:21:25.382414|INFO|pdfGenerator|createPdf|Summary Report Saved: f128714c-b250-4a8a-b915-37e2386a4259
2019-03-07 16:51:37.011900|INFO|LandingView|get|Meeting commenced by Murray for -7dc7348b-fecc-4d53-bc83-b64875df9a6a
2019-03-08 00:40:17.576252|INFO|LandingView|get|Meeting commenced by Murray for -6e27c88a-041f-4f01-bb8f-ec144edf726d
2019-03-08 03:09:49.301023|INFO|LandingView|get|Meeting commenced by Murray for -6e27c88a-041f-4f01-bb8f-ec144edf726d
2019-03-08 04:43:27.813096|INFO|pdfGenerator|createPdf|Api2Pdf success: 6e27c88a-041f-4f01-bb8f-ec144edf726d
2019-03-08 04:43:30.531912|INFO|pdfGenerator|createPdf|Summary Report Saved: 6e27c88a-041f-4f01-bb8f-ec144edf726d
2019-03-08 04:43:36.800754|INFO|PdfProduction|get|Meeting ended for:6e27c88a-041f-4f01-bb8f-ec144edf726d
2019-03-08 05:31:20.469322|INFO|LandingView|get|Meeting commenced by Murray for -6e27c88a-041f-4f01-bb8f-ec144edf726d
2019-03-08 07:00:23.070743|INFO|LandingView|get|Meeting commenced by Murray for -6e27c88a-041f-4f01-bb8f-ec144edf726d
2019-03-08 07:11:51.442496|INFO|LandingView|get|Meeting commenced by Murray for -6e27c88a-041f-4f01-bb8f-ec144edf726d
2019-03-08 07:11:56.946684|INFO|LandingView|get|Meeting commenced by Murray for -6e27c88a-041f-4f01-bb8f-ec144edf726d
2019-03-08 07:50:54.394526|INFO|LandingView|get|Meeting commenced by Murray for -6e27c88a-041f-4f01-bb8f-ec144edf726d
2019-03-08 07:53:34.480952|INFO|LandingView|get|Meeting commenced by Murray for -6e27c88a-041f-4f01-bb8f-ec144edf726d
2019-03-09 14:00:18.375724|INFO|pdfGenerator|createPdf|Api2Pdf success: f128714c-b250-4a8a-b915-37e2386a4259
2019-03-09 14:00:21.410556|INFO|pdfGenerator|createPdf|Summary Report Saved: f128714c-b250-4a8a-b915-37e2386a4259
2019-03-09 14:00:21.444184|ERROR|pdfGenerator|emailPdf|Failed to email Summary Report:f128714c-b250-4a8a-b915-37e2386a4259
2019-03-09 14:01:24.012248|INFO|pdfGenerator|createPdf|Api2Pdf success: 996e5ade-fe95-4fe5-b24a-75e8daeedb0d
2019-03-09 14:01:26.375854|INFO|pdfGenerator|createPdf|Summary Report Saved: 996e5ade-fe95-4fe5-b24a-75e8daeedb0d
2019-03-09 14:01:26.394083|ERROR|pdfGenerator|emailPdf|Failed to email Summary Report:996e5ade-fe95-4fe5-b24a-75e8daeedb0d
2019-03-09 14:01:51.762962|INFO|pdfGenerator|createPdf|Api2Pdf success: 99d35d67-d6cd-4ab9-9a34-357eb3321178
2019-03-09 14:01:54.152447|INFO|pdfGenerator|createPdf|Summary Report Saved: 99d35d67-d6cd-4ab9-9a34-357eb3321178
2019-03-09 14:01:54.169518|ERROR|pdfGenerator|emailPdf|Failed to email Summary Report:99d35d67-d6cd-4ab9-9a34-357eb3321178
2019-03-09 14:11:16.396497|INFO|pdfGenerator|createPdf|Api2Pdf success: 996e5ade-fe95-4fe5-b24a-75e8daeedb0d
2019-03-09 14:11:20.591641|INFO|pdfGenerator|createPdf|Summary Report Saved: 996e5ade-fe95-4fe5-b24a-75e8daeedb0d
2019-03-09 14:11:20.609954|ERROR|pdfGenerator|emailPdf|Failed to email Summary Report:996e5ade-fe95-4fe5-b24a-75e8daeedb0d
2019-03-09 14:12:58.280206|INFO|pdfGenerator|createPdf|Api2Pdf success: f128714c-b250-4a8a-b915-37e2386a4259
2019-03-09 14:13:01.569978|INFO|pdfGenerator|createPdf|Summary Report Saved: f128714c-b250-4a8a-b915-37e2386a4259
2019-03-09 14:13:01.589195|ERROR|pdfGenerator|emailPdf|Failed to email Summary Report:f128714c-b250-4a8a-b915-37e2386a4259
2019-03-09 14:15:37.797803|INFO|pdfGenerator|createPdf|Api2Pdf success: 996e5ade-fe95-4fe5-b24a-75e8daeedb0d
2019-03-09 14:15:39.995773|INFO|pdfGenerator|createPdf|Summary Report Saved: 996e5ade-fe95-4fe5-b24a-75e8daeedb0d
2019-03-09 14:15:40.015601|ERROR|pdfGenerator|emailPdf|Failed to email Summary Report:996e5ade-fe95-4fe5-b24a-75e8daeedb0d
2019-03-09 14:17:44.363108|INFO|pdfGenerator|createPdf|Api2Pdf success: f128714c-b250-4a8a-b915-37e2386a4259
2019-03-09 14:17:47.516127|INFO|pdfGenerator|createPdf|Summary Report Saved: f128714c-b250-4a8a-b915-37e2386a4259
2019-03-09 14:18:52.359524|INFO|pdfGenerator|createPdf|Api2Pdf success: f128714c-b250-4a8a-b915-37e2386a4259
2019-03-09 14:18:55.886391|INFO|pdfGenerator|createPdf|Summary Report Saved: f128714c-b250-4a8a-b915-37e2386a4259
2019-03-09 14:22:05.920640|INFO|pdfGenerator|createPdf|Api2Pdf success: c3d6c32d-dc86-4248-9be1-92255b054129
2019-03-09 14:22:08.360727|INFO|pdfGenerator|createPdf|Summary Report Saved: c3d6c32d-dc86-4248-9be1-92255b054129
2019-03-09 15:29:27.709474|INFO|pdfGenerator|createPdf|Api2Pdf success: 94412727-3a8b-402f-be5b-a6c5e613be9f
2019-03-09 15:29:30.064156|INFO|pdfGenerator|createPdf|Summary Report Saved: 94412727-3a8b-402f-be5b-a6c5e613be9f
2019-03-09 16:27:14.472753|INFO|pdfGenerator|createPdf|Api2Pdf success: aa6dbef0-501a-473f-93d0-4918b73c4fa5
2019-03-09 16:27:16.561333|INFO|pdfGenerator|createPdf|Summary Report Saved: aa6dbef0-501a-473f-93d0-4918b73c4fa5
2019-03-09 16:52:29.336510|INFO|pdfGenerator|createPdf|Api2Pdf success: 5dde95ce-9e5f-49a9-8925-d3ad2d76b660
2019-03-09 16:52:31.715631|INFO|pdfGenerator|createPdf|Summary Report Saved: 5dde95ce-9e5f-49a9-8925-d3ad2d76b660
2019-03-09 17:04:55.832525|INFO|pdfGenerator|createPdf|Api2Pdf success: 7c8ae4b6-f84b-416b-82c4-9b06062da31d
2019-03-09 17:04:58.462758|INFO|pdfGenerator|createPdf|Summary Report Saved: 7c8ae4b6-f84b-416b-82c4-9b06062da31d
2019-03-09 22:11:45.615072|INFO|pdfGenerator|createPdf|Api2Pdf success: 7fbd4a1b-59f6-4776-8368-ea6828d8e9bd
2019-03-09 22:11:47.724296|INFO|pdfGenerator|createPdf|Summary Report Saved: 7fbd4a1b-59f6-4776-8368-ea6828d8e9bd
2019-03-09 22:11:47.747873|ERROR|pdfGenerator|emailPdf|Failed to email Summary Report:7fbd4a1b-59f6-4776-8368-ea6828d8e9bd
2019-03-09 22:17:42.621456|INFO|pdfGenerator|createPdf|Api2Pdf success: 7fbd4a1b-59f6-4776-8368-ea6828d8e9bd
2019-03-09 22:17:44.497983|INFO|pdfGenerator|createPdf|Summary Report Saved: 7fbd4a1b-59f6-4776-8368-ea6828d8e9bd
2019-03-09 22:22:13.526852|INFO|pdfGenerator|createPdf|Api2Pdf success: 7fbd4a1b-59f6-4776-8368-ea6828d8e9bd
2019-03-09 22:22:15.812337|INFO|pdfGenerator|createPdf|Summary Report Saved: 7fbd4a1b-59f6-4776-8368-ea6828d8e9bd
2019-03-09 22:28:03.739960|INFO|pdfGenerator|createPdf|Api2Pdf success: 7fbd4a1b-59f6-4776-8368-ea6828d8e9bd
2019-03-09 22:28:05.674263|INFO|pdfGenerator|createPdf|Summary Report Saved: 7fbd4a1b-59f6-4776-8368-ea6828d8e9bd
2019-03-09 22:28:48.080524|INFO|pdfGenerator|createPdf|Api2Pdf success: 7fbd4a1b-59f6-4776-8368-ea6828d8e9bd
2019-03-09 22:28:50.053437|INFO|pdfGenerator|createPdf|Summary Report Saved: 7fbd4a1b-59f6-4776-8368-ea6828d8e9bd
2019-03-09 22:47:28.145563|INFO|LandingView|get|Meeting commenced by hhcadminuser for -6e27c88a-041f-4f01-bb8f-ec144edf726d
2019-03-10 11:40:09.387750|INFO|pdfGenerator|createPdf|Api2Pdf success: 2930413c-7ad5-4ccb-9444-6ed212672be8
2019-03-10 11:40:11.857949|INFO|pdfGenerator|createPdf|Summary Report Saved: 2930413c-7ad5-4ccb-9444-6ed212672be8
2019-03-10 11:40:11.858676|ERROR|SendEnquirySummary|get|Failed to save Enquiry Summary  in Database: 2930413c-7ad5-4ccb-9444-6ed212672be8
2019-03-10 11:50:04.099897|INFO|pdfGenerator|createPdf|Api2Pdf success: 2930413c-7ad5-4ccb-9444-6ed212672be8
2019-03-10 11:50:06.404050|INFO|pdfGenerator|createPdf|Summary Report Saved: 2930413c-7ad5-4ccb-9444-6ed212672be8
2019-03-10 11:52:44.966582|INFO|pdfGenerator|createPdf|Api2Pdf success: 2930413c-7ad5-4ccb-9444-6ed212672be8
2019-03-10 11:52:46.755051|INFO|pdfGenerator|createPdf|Summary Report Saved: 2930413c-7ad5-4ccb-9444-6ed212672be8
2019-03-10 19:09:35.197612|INFO|pdfGenerator|createPdf|Api2Pdf success: 2930413c-7ad5-4ccb-9444-6ed212672be8
2019-03-10 19:09:37.872962|INFO|pdfGenerator|createPdf|Summary Report Saved: 2930413c-7ad5-4ccb-9444-6ed212672be8
2019-03-10 19:28:36.142215|INFO|pdfGenerator|createPdf|Api2Pdf success: 2930413c-7ad5-4ccb-9444-6ed212672be8
2019-03-10 19:28:38.292794|INFO|pdfGenerator|createPdf|Api2Pdf success: 2930413c-7ad5-4ccb-9444-6ed212672be8
2019-03-10 19:28:38.569706|INFO|pdfGenerator|createPdf|Summary Report Saved: 2930413c-7ad5-4ccb-9444-6ed212672be8
2019-03-10 19:28:39.972923|INFO|pdfGenerator|createPdf|Summary Report Saved: 2930413c-7ad5-4ccb-9444-6ed212672be8
2019-03-10 19:31:05.853915|INFO|pdfGenerator|createPdf|Api2Pdf success: 2930413c-7ad5-4ccb-9444-6ed212672be8
2019-03-10 19:31:07.611507|INFO|pdfGenerator|createPdf|Summary Report Saved: 2930413c-7ad5-4ccb-9444-6ed212672be8
2019-03-10 19:45:10.649825|INFO|pdfGenerator|createPdf|Api2Pdf success: 2930413c-7ad5-4ccb-9444-6ed212672be8
2019-03-10 19:45:13.022787|INFO|pdfGenerator|createPdf|Summary Report Saved: 2930413c-7ad5-4ccb-9444-6ed212672be8
2019-03-10 20:09:29.963676|INFO|pdfGenerator|createPdf|Api2Pdf success: f07f3444-e03d-4330-ab0d-e08188336540
2019-03-10 20:09:33.239208|INFO|pdfGenerator|createPdf|Summary Report Saved: f07f3444-e03d-4330-ab0d-e08188336540
2019-03-10 21:18:00.209463|INFO|pdfGenerator|createPdf|Api2Pdf success: c3e28a88-64d1-48fc-88d3-251c230174e1
2019-03-10 21:18:02.873285|INFO|pdfGenerator|createPdf|Summary Report Saved: c3e28a88-64d1-48fc-88d3-251c230174e1
2019-03-10 23:28:38.337414|INFO|LandingView|get|Meeting commenced by Murray for -6e27c88a-041f-4f01-bb8f-ec144edf726d
2019-03-11 16:54:58.118893|INFO|pdfGenerator|createPdf|Api2Pdf success: 3707697e-9e31-4d4a-a67e-d1e46c5fdded
2019-03-11 16:54:59.644035|INFO|pdfGenerator|createPdf|Summary Report Saved: 3707697e-9e31-4d4a-a67e-d1e46c5fdded
2019-03-11 17:00:08.636176|INFO|pdfGenerator|createPdf|Api2Pdf success: e109fbdb-c18a-42cd-9ec8-003a25bdfbcd
2019-03-11 17:00:09.545013|INFO|pdfGenerator|createPdf|Summary Report Saved: e109fbdb-c18a-42cd-9ec8-003a25bdfbcd
2019-03-11 17:03:38.181948|INFO|pdfGenerator|createPdf|Api2Pdf success: ca59f610-a172-4bed-9c8c-9a84521c6fb7
2019-03-11 17:03:39.326831|INFO|pdfGenerator|createPdf|Summary Report Saved: ca59f610-a172-4bed-9c8c-9a84521c6fb7
2019-03-11 17:22:28.175945|INFO|pdfGenerator|createPdf|Api2Pdf success: 62b76b4e-8b65-4092-bb0e-3bd4fa4e4bd0
2019-03-11 17:22:29.457723|INFO|pdfGenerator|createPdf|Summary Report Saved: 62b76b4e-8b65-4092-bb0e-3bd4fa4e4bd0
