"GET / HTTP/1.1" 302 0
"GET /landing/ HTTP/1.1" 302 0
"GET /case/caseList HTTP/1.1" 200 24297
"GET /enquiry/enquiryList HTTP/1.1" 200 23010
"GET /enquiry/c3b0a5b9-8a46-48fd-838a-d20ba235c32d HTTP/1.1" 200 16763
"POST /enquiry/c3b0a5b9-8a46-48fd-838a-d20ba235c32d HTTP/1.1" 302 0
"GET /enquiry/c3b0a5b9-8a46-48fd-838a-d20ba235c32d HTTP/1.1" 200 16818
"POST /enquiry/c3b0a5b9-8a46-48fd-838a-d20ba235c32d HTTP/1.1" 302 0
"GET /enquiry/c3b0a5b9-8a46-48fd-838a-d20ba235c32d HTTP/1.1" 200 17115
"GET /enquiry/c3b0a5b9-8a46-48fd-838a-d20ba235c32d HTTP/1.1" 200 16764
"POST /enquiry/c3b0a5b9-8a46-48fd-838a-d20ba235c32d HTTP/1.1" 302 0
"GET /enquiry/c3b0a5b9-8a46-48fd-838a-d20ba235c32d HTTP/1.1" 200 17115
"GET /enquiry/c3b0a5b9-8a46-48fd-838a-d20ba235c32d HTTP/1.1" 200 16764
"POST /enquiry/c3b0a5b9-8a46-48fd-838a-d20ba235c32d HTTP/1.1" 302 0
"GET /enquiry/c3b0a5b9-8a46-48fd-838a-d20ba235c32d HTTP/1.1" 200 17115
"GET /enquiry/c3b0a5b9-8a46-48fd-838a-d20ba235c32d HTTP/1.1" 200 16603
"POST /enquiry/c3b0a5b9-8a46-48fd-838a-d20ba235c32d HTTP/1.1" 302 0
"GET /enquiry/c3b0a5b9-8a46-48fd-838a-d20ba235c32d HTTP/1.1" 200 16954
"POST /enquiry/c3b0a5b9-8a46-48fd-838a-d20ba235c32d HTTP/1.1" 302 0
"GET /enquiry/c3b0a5b9-8a46-48fd-838a-d20ba235c32d HTTP/1.1" 200 17115
"POST /enquiry/c3b0a5b9-8a46-48fd-838a-d20ba235c32d HTTP/1.1" 302 0
"GET /enquiry/c3b0a5b9-8a46-48fd-838a-d20ba235c32d HTTP/1.1" 200 16954
"POST /enquiry/c3b0a5b9-8a46-48fd-838a-d20ba235c32d HTTP/1.1" 302 0
"GET /enquiry/c3b0a5b9-8a46-48fd-838a-d20ba235c32d HTTP/1.1" 200 17114
"POST /enquiry/c3b0a5b9-8a46-48fd-838a-d20ba235c32d HTTP/1.1" 302 0
"GET /enquiry/c3b0a5b9-8a46-48fd-838a-d20ba235c32d HTTP/1.1" 200 16953
"POST /enquiry/c3b0a5b9-8a46-48fd-838a-d20ba235c32d HTTP/1.1" 302 0
"GET /enquiry/c3b0a5b9-8a46-48fd-838a-d20ba235c32d HTTP/1.1" 200 16953
"POST /enquiry/c3b0a5b9-8a46-48fd-838a-d20ba235c32d HTTP/1.1" 302 0
"GET /enquiry/c3b0a5b9-8a46-48fd-838a-d20ba235c32d HTTP/1.1" 200 16818
"POST /enquiry/c3b0a5b9-8a46-48fd-838a-d20ba235c32d HTTP/1.1" 302 0
"GET /enquiry/c3b0a5b9-8a46-48fd-838a-d20ba235c32d HTTP/1.1" 200 16818
"POST /enquiry/c3b0a5b9-8a46-48fd-838a-d20ba235c32d HTTP/1.1" 302 0
"GET /enquiry/c3b0a5b9-8a46-48fd-838a-d20ba235c32d HTTP/1.1" 200 16954
"POST /enquiry/c3b0a5b9-8a46-48fd-838a-d20ba235c32d HTTP/1.1" 302 0
"GET /enquiry/c3b0a5b9-8a46-48fd-838a-d20ba235c32d HTTP/1.1" 200 16954
"POST /enquiry/c3b0a5b9-8a46-48fd-838a-d20ba235c32d HTTP/1.1" 302 0
"GET /enquiry/c3b0a5b9-8a46-48fd-838a-d20ba235c32d HTTP/1.1" 200 16954
"GET /enquiry/c3b0a5b9-8a46-48fd-838a-d20ba235c32d HTTP/1.1" 200 16603
"POST /enquiry/c3b0a5b9-8a46-48fd-838a-d20ba235c32d HTTP/1.1" 302 0
"GET /enquiry/c3b0a5b9-8a46-48fd-838a-d20ba235c32d HTTP/1.1" 200 16954
"POST /enquiry/c3b0a5b9-8a46-48fd-838a-d20ba235c32d HTTP/1.1" 302 0
"GET /enquiry/c3b0a5b9-8a46-48fd-838a-d20ba235c32d HTTP/1.1" 200 16954
"POST /enquiry/c3b0a5b9-8a46-48fd-838a-d20ba235c32d HTTP/1.1" 302 0
"GET /enquiry/c3b0a5b9-8a46-48fd-838a-d20ba235c32d HTTP/1.1" 200 16954
"POST /enquiry/c3b0a5b9-8a46-48fd-838a-d20ba235c32d HTTP/1.1" 302 0
"GET /enquiry/c3b0a5b9-8a46-48fd-838a-d20ba235c32d HTTP/1.1" 200 16717
"POST /enquiry/c3b0a5b9-8a46-48fd-838a-d20ba235c32d HTTP/1.1" 302 0
"GET /enquiry/c3b0a5b9-8a46-48fd-838a-d20ba235c32d HTTP/1.1" 200 16954
"GET /enquiry/enquirySendDetail/c3b0a5b9-8a46-48fd-838a-d20ba235c32d HTTP/1.1" 302 0
"GET /enquiry/c3b0a5b9-8a46-48fd-838a-d20ba235c32d HTTP/1.1" 200 17270
"GET /case/caseDetail/4 HTTP/1.1" 200 28752
"GET /calculator HTTP/1.1" 301 0
"GET /calculator/ HTTP/1.1" 200 10259
"GET /static/css/calculator.css HTTP/1.1" 200 4072
"GET /static/img/icons/single_icon.png HTTP/1.1" 200 5331
"GET /static/img/icons/house_icon.png HTTP/1.1" 200 5295
"GET /static/img/icons/apartment_icon.png HTTP/1.1" 200 5505
"POST /calculator/ HTTP/1.1" 302 0
"GET /calculator/output/130e8a08-7d80-4764-80b7-673162c4aaf8 HTTP/1.1" 200 10059
"GET /static/img/icons/transfer_20.png HTTP/1.1" 200 15969
"GET /static/img/icons/refi_icon.png HTTP/1.1" 200 7676
"POST /calculator/ HTTP/1.1" 302 0
"GET /calculator/output/68de4d46-faa6-4a9f-8966-5109f4903fc2 HTTP/1.1" 200 10059
"GET /static/img/icons/transfer_15.png HTTP/1.1" 200 15920
"POST /calculator/ HTTP/1.1" 302 0
"GET /calculator/output/7b928e54-4526-443f-97ec-b42ec89f929b HTTP/1.1" 200 10059
"POST /calculator/ HTTP/1.1" 302 0
"GET /calculator/output/4953487e-6e85-4861-85f7-9aa3f58cbad4 HTTP/1.1" 200 10059
"GET /static/img/icons/transfer_35.png HTTP/1.1" 200 15840
"POST /calculator/ HTTP/1.1" 302 0
"GET /calculator/output/8042300c-f0d5-42ad-aaa6-3bbc8b4470a4 HTTP/1.1" 200 10059
"POST /calculator/ HTTP/1.1" 200 10589
"POST /calculator/ HTTP/1.1" 302 0
"GET /calculator/output/598bd100-5e69-4129-bae4-155697484ed3 HTTP/1.1" 200 10059
"POST /calculator/ HTTP/1.1" 302 0
"GET /calculator/output/7a8230e2-5ad0-4d1f-be31-232c4b1223e9 HTTP/1.1" 200 10059
"GET /static/img/icons/transfer_25.png HTTP/1.1" 200 16259
"POST /calculator/ HTTP/1.1" 302 0
"GET /calculator/output/b77b9e69-8d50-42a0-945e-3c0d480421b8 HTTP/1.1" 200 10059
"POST /calculator/ HTTP/1.1" 302 0
"GET /calculator/output/5148a327-0356-4896-a872-476206ec819b HTTP/1.1" 200 10059
"POST /calculator/ HTTP/1.1" 302 0
"GET /calculator/output/c9b9fc23-68cb-486f-8a86-b94d8b654712 HTTP/1.1" 200 10059
"POST /calculator/ HTTP/1.1" 302 0
"GET /calculator/output/e4956051-47ca-4ae3-a865-f9ac8ff53cf9 HTTP/1.1" 200 10059
"POST /calculator/ HTTP/1.1" 302 0
"GET /calculator/output/9e8e0dfb-538c-4c3c-82b9-77323ea9a22e HTTP/1.1" 200 10059
